<?xml version="1.0" encoding="UTF-8"?>
<testng-results ignored="0" total="1" passed="1" failed="0" skipped="0">
  <reporter-output>
  </reporter-output>
  <suite started-at="2024-11-27T11:22:56 IST" name="Default suite" finished-at="2024-11-27T11:23:07 IST" duration-ms="10870">
    <groups>
    </groups>
    <test started-at="2024-11-27T11:22:56 IST" name="Default test" finished-at="2024-11-27T11:23:07 IST" duration-ms="10870">
      <class name="org.testes.LoginTest">
        <test-method is-config="true" signature="setuo()[pri:0, instance:org.testes.LoginTest@815b41f]" started-at="2024-11-27T11:22:56 IST" name="setuo" finished-at="2024-11-27T11:22:56 IST" duration-ms="18" status="PASS">
          <reporter-output>
          </reporter-output>
        </test-method> <!-- setuo -->
        <test-method is-config="true" signature="config()[pri:0, instance:org.testes.LoginTest@815b41f]" started-at="2024-11-27T11:22:56 IST" name="config" finished-at="2024-11-27T11:23:05 IST" duration-ms="8995" status="PASS">
          <reporter-output>
          </reporter-output>
        </test-method> <!-- config -->
        <test-method signature="submit()[pri:0, instance:org.testes.LoginTest@815b41f]" started-at="2024-11-27T11:23:05 IST" name="submit" finished-at="2024-11-27T11:23:06 IST" duration-ms="1272" status="PASS">
          <reporter-output>
          </reporter-output>
        </test-method> <!-- submit -->
        <test-method is-config="true" signature="TearDown()[pri:0, instance:org.testes.LoginTest@815b41f]" started-at="2024-11-27T11:23:06 IST" name="TearDown" finished-at="2024-11-27T11:23:07 IST" duration-ms="513" status="PASS">
          <reporter-output>
          </reporter-output>
        </test-method> <!-- TearDown -->
      </class> <!-- org.testes.LoginTest -->
    </test> <!-- Default test -->
  </suite> <!-- Default suite -->
</testng-results>
